
2
0
6
.
1
7
4
.
2
.
1
3
5
2
0
6
.
1
7
4
.
2
.
1
3
5
2
0
6
.
1
7
4
.
2
.
1
3
5
2
0
6
.
1
7
4
.
2
.
1
3
5
2
0
6
.
1
7
4
.
2
.
1
3
5
2
0
6
.
1
7
4
.
2
.
1
3
5
2
0
6
.
1
7
4
.
2
.
1
3
5
2
0
6
.
1
7
4
.
2
.
1
3
5
2
0
6
.
1
7
4
.
2
.
1
3
5
2
0
6
.
1
7
4
.
2
.
1
3
5
2
0
6
.
1
7
4
.
2
.
1
3
5
2
0
6
.
1
7
4
.
2
.
1
3
5
2
0
6
.
1
7
4
.
2
.
1
3
5
2
0
6
.
1
7
4
.
2
.
1
3
5
2
0
6
.
1
7
4
.
2
.
1
3
5
2
0
6
.
1
7
4
.
2
.
1
3
5
2
0
6
.
1
7
4
.
2
.
1
3
5
2
0
6
.
1
7
4
.
2
.
1
3
5
2
0
6
.
1
7
4
.
2
.
1
3
5
2
0
6
.
1
7
4
.
2
.
1
3
5