[2015-05-01 14:02:38.079000] Server starts


[2015-05-01 14:02:40.083000] Server stops


[2015-05-01 17:51:16.592000] Server starts


[2015-05-01 17:51:34.642000] Server stops


[2015-05-01 17:52:43.654000] Server starts


[2015-05-01 17:52:56.218000] Server stops


[2015-05-01 17:54:00.064000] Server starts


[2015-05-01 17:54:01.126000] Server stops


[2015-05-01 17:54:59.305000] Server starts


[2015-05-01 17:55:37.893000] Server starts


[2015-05-01 17:55:53.399000] Server stops


[2015-05-01 17:55:56.911000] Server starts


[2015-05-01 17:55:59.446000] Server stops


[2015-05-01 17:57:11.123000] Server starts


[2015-05-01 17:57:13.157000] Server stops


[2015-05-01 17:57:56.751000] Server starts


[2015-05-01 17:57:58.289000] Server stops


[2015-05-01 17:59:52.553000] Server starts


[2015-05-01 17:59:56.560000] Server stops


[2015-05-01 18:01:59.155000] Server starts


[2015-05-01 18:02:00.696000] Server stops


[2015-05-01 18:04:35.180000] Server starts


[2015-05-01 18:04:37.233000] Server stops


[2015-05-01 18:07:46.222000] Server starts


[2015-05-01 18:07:47.284000] Server stops


[2015-05-01 18:10:13.474000] Server starts


[2015-05-01 18:10:15.036000] Server stops


[2015-05-01 18:12:20.558000] Server starts


[2015-05-01 18:12:22.590000] Server stops


[2015-05-01 18:13:57.001000] Server starts


[2015-05-01 18:13:58.560000] Server stops


[2015-05-01 18:14:46.513000] Server starts


[2015-05-01 18:14:48.073000] Server stops


[2015-05-01 18:21:56.362000] Server starts


[2015-05-01 18:22:02.380000] 127.0.0.1 on port 50197: 'GET /', interpreted as 'GET home.html'


[2015-05-01 18:22:02.896000] 127.0.0.1 on port 50198: 'GET /stylesheet.css', interpreted as 'GET /stylesheet.css'


[2015-05-01 18:22:02.922000] 127.0.0.1 on port 50199: 'GET /doxiegaming.png', interpreted as 'GET /doxiegaming.png'


[2015-05-01 18:22:07.717000] 127.0.0.1 on port 50200: 'GET /oogaboogabooga', interpreted as 'GET /oogaboogabooga'


[2015-05-01 18:22:37.513000] Server stops


[2015-05-01 18:23:09.756000] Server starts


[2015-05-01 18:23:11.425000] 127.0.0.1 on port 50204: 'GET /oogaboogabooga', interpreted as 'GET /oogaboogabooga'


[2015-05-01 18:23:17.974000] Server stops


[2015-05-01 18:23:26.259000] Server starts


[2015-05-01 18:23:30.562000] 127.0.0.1 on port 50206: 'GET /oogaboogabooga', interpreted as 'GET /oogaboogabooga'


[2015-05-01 18:23:31.108000] 127.0.0.1 on port 50207: 'GET /404walrus.jpg', interpreted as 'GET /404walrus.jpg'


[2015-05-01 18:23:47.559000] Server stops


[2015-05-01 18:23:49.918000] Server starts


[2015-05-01 18:23:54.308000] 127.0.0.1 on port 50213: 'GET /oogaboogabooga', interpreted as 'GET /oogaboogabooga'


[2015-05-01 18:23:54.860000] 127.0.0.1 on port 50214: 'GET /404walrus.jpg', interpreted as 'GET /404walrus.jpg'


[2015-05-01 18:24:03.578000] Server stops


[2015-05-01 18:25:02.303000] Server starts


[2015-05-01 18:25:03.869000] 127.0.0.1 on port 50223: 'GET /oogaboogabooga', interpreted as 'GET /oogaboogabooga'


[2015-05-01 18:25:04.342000] 127.0.0.1 on port 50224: 'GET /404walrus.jpg', interpreted as 'GET /404walrus.jpg'


[2015-05-01 18:39:14.550000] Server stops


[2015-05-01 18:44:46.710000] Server starts


[2015-05-01 18:44:47.265000] Server stops


[2015-05-01 19:34:30.277000] Server starts


[2015-05-01 19:34:38.442000] 127.0.0.1 on port 50716: 'GET /test.tst', interpreted as 'GET /test.tst'


[2015-05-01 19:36:06.223000] Server starts


[2015-05-01 19:36:07.986000] 127.0.0.1 on port 50733: 'GET /', interpreted as 'GET home.html'


[2015-05-01 19:36:08.429000] 127.0.0.1 on port 50734: 'GET /stylesheet.css', interpreted as 'GET /stylesheet.css'


[2015-05-01 19:36:08.439000] 127.0.0.1 on port 50735: 'GET /doxiegaming.png', interpreted as 'GET /doxiegaming.png'


[2015-05-01 19:38:39.446000] Server starts


[2015-05-01 19:38:40.950000] Server stops


[2015-05-01 19:39:01.371000] 127.0.0.1 on port 50776: 'GET /members/', interpreted as 'GET /members/members.html'


[2015-05-01 19:39:01.583000] 127.0.0.1 on port 50777: 'GET /stylesheet.css', interpreted as 'GET /stylesheet.css'


[2015-05-01 19:39:01.689000] 127.0.0.1 on port 50778: 'GET /doxiegaming.png', interpreted as 'GET /doxiegaming.png'


[2015-05-01 19:40:14.399000] Server stops


[2015-05-01 20:42:32.123000] Server starts


[2015-05-01 23:03:16.527000] 127.0.0.1 on port 54450: 'GET /members/erika/', interpreted as 'GET /members/erika.html'


[2015-05-01 23:03:23.928000] 127.0.0.1 on port 54451: 'GET /stylesheet.css', interpreted as 'GET /stylesheet.css'


[2015-05-01 23:03:24.033000] 127.0.0.1 on port 54452: 'GET /doxiegaming.png', interpreted as 'GET /doxiegaming.png'


[2015-05-02 10:56:03.378000] 127.0.0.1 on port 56306: 'GET /members/', interpreted as 'GET /members/members.html'


[2015-05-02 10:56:03.576000] 127.0.0.1 on port 56307: 'GET /stylesheet.css', interpreted as 'GET /stylesheet.css'


[2015-05-02 10:56:03.687000] 127.0.0.1 on port 56308: 'GET /doxiegaming.png', interpreted as 'GET /doxiegaming.png'


[2015-05-02 16:24:11.082000] 206.174.2.135 on port 58816: 'GET /', interpreted as 'GET home.html'


[2015-05-02 16:24:11.279000] 206.174.2.135 on port 58817: 'GET /stylesheet.css', interpreted as 'GET /stylesheet.css'


[2015-05-02 16:24:11.291000] 206.174.2.135 on port 58818: 'GET /doxiegaming.png', interpreted as 'GET /doxiegaming.png'


[2015-05-02 16:24:11.664000] 206.174.2.135 on port 58819: 'GET /favicon.ico', interpreted as 'GET /favicon.ico'


[2015-05-02 16:24:11.695000] 206.174.2.135 on port 58820: 'GET /favicon.ico', interpreted as 'GET /favicon.ico'


[2015-05-02 16:28:20.304000] 206.174.2.135 on port 58838: 'GET /members/', interpreted as 'GET /members/members.html'


[2015-05-02 16:28:20.569000] 206.174.2.135 on port 58839: 'GET /stylesheet.css', interpreted as 'GET /stylesheet.css'


[2015-05-02 16:28:20.661000] 206.174.2.135 on port 58840: 'GET /doxiegaming.png', interpreted as 'GET /doxiegaming.png'


[2015-05-02 16:31:44.176000] 206.174.2.135 on port 58853: 'GET /channels/', interpreted as 'GET channels/channels.html'


[2015-05-02 16:31:44.342000] 206.174.2.135 on port 58854: 'GET /stylesheet.css', interpreted as 'GET /stylesheet.css'


[2015-05-02 16:31:44.497000] 206.174.2.135 on port 58855: 'GET /doxiegaming.png', interpreted as 'GET /doxiegaming.png'


[2015-05-03 12:19:10.648000] Server stops


[2015-05-03 12:27:56.548000] Server starts


[2015-05-03 12:28:02.838000] 127.0.0.1 on port 62566: 'GET /oogaboogabooga', interpreted as 'GET /oogaboogabooga'


[2015-05-03 12:28:11.045000] 127.0.0.1 on port 62567: 'GET /', interpreted as 'GET home.html'


[2015-05-03 12:28:40.105000] Server stops


[2015-05-03 12:28:45.599000] Server starts


[2015-05-03 12:28:50.159000] 127.0.0.1 on port 62572: 'GET /', interpreted as 'GET home.html'


[2015-05-03 12:29:22.760000] Server starts


[2015-05-03 12:29:24.560000] 127.0.0.1 on port 62575: 'GET /', interpreted as 'GET home.html'


[2015-05-03 12:30:53.276000] Server starts


[2015-05-03 12:30:55.265000] 127.0.0.1 on port 62607: 'GET /', interpreted as 'GET home.html'


[2015-05-03 12:31:58.771000] Server stops


[2015-05-03 12:32:05.888000] Server starts


[2015-05-03 12:32:07.691000] 127.0.0.1 on port 62611: 'GET /', interpreted as 'GET home.html'


[2015-05-03 12:32:44.245000] Server stops


[2015-05-03 12:32:46.786000] Server starts


[2015-05-03 12:32:48.708000] 127.0.0.1 on port 62613: 'GET /', interpreted as 'GET home.html'


[2015-05-03 12:33:01.208000] Server stops


[2015-05-03 12:33:26.435000] Server starts


[2015-05-03 12:33:30.984000] Server stops


[2015-05-03 12:34:26.947000] Server starts


[2015-05-03 12:34:28.307000] 127.0.0.1 on port 62623: 'GET /', interpreted as 'GET home.html'


[2015-05-03 12:34:55.292000] Server stops


[2015-05-03 12:34:58.107000] Server starts


[2015-05-03 12:35:00.132000] 127.0.0.1 on port 62658: 'GET /', interpreted as 'GET home.html'


[2015-05-03 12:35:00.631000] 127.0.0.1 on port 62659: 'GET /stylesheet.css', interpreted as 'GET /stylesheet.css'


[2015-05-03 12:35:00.764000] 127.0.0.1 on port 62660: 'GET /doxiegbming.png', interpreted as 'GET /doxiegbming.png'


[2015-05-03 12:35:49.251000] 127.0.0.1 on port 62666: 'GET /', interpreted as 'GET home.html'


[2015-05-03 12:35:49.439000] 127.0.0.1 on port 62667: 'GET /stylesheet.css', interpreted as 'GET /stylesheet.css'


[2015-05-03 12:35:49.571000] 127.0.0.1 on port 62668: 'GET /doxiegbming.png', interpreted as 'GET /doxiegbming.png'


[2015-05-03 12:35:50.505000] 127.0.0.1 on port 62669: 'GET /', interpreted as 'GET home.html'


[2015-05-03 12:35:50.661000] 127.0.0.1 on port 62670: 'GET /stylesheet.css', interpreted as 'GET /stylesheet.css'


[2015-05-03 12:35:50.745000] 127.0.0.1 on port 62671: 'GET /doxiegbming.png', interpreted as 'GET /doxiegbming.png'


[2015-05-03 12:35:57.270000] Server stops


[2015-05-03 12:36:03.085000] Server starts


[2015-05-03 12:36:04.855000] 127.0.0.1 on port 62702: 'GET /', interpreted as 'GET home.html'


[2015-05-03 12:37:07.187000] Server stops


[2015-05-03 12:37:10.226000] Server starts


[2015-05-03 12:37:11.667000] 127.0.0.1 on port 62718: 'GET /', interpreted as 'GET home.html'


[2015-05-03 12:37:12.509000] 127.0.0.1 on port 62719: 'GET /doxiegaming.png', interpreted as 'GET /doxiegaming.png'


[2015-05-03 12:37:12.556000] 127.0.0.1 on port 62720: 'GET /stylesheet.css', interpreted as 'GET /stylesheet.css'


[2015-05-03 12:54:39.575000] Server starts


[2015-05-03 12:54:41.114000] Server stops


[2015-05-03 12:54:41.163000] Server stops


[2015-05-03 12:55:32.531000] Server starts


[2015-05-03 12:55:33.076000] Server stops


[2015-05-03 12:55:33.133000] Server stops


[2015-05-03 12:56:21.329000] Server starts


[2015-05-03 12:56:22.360000] Server stops


[2015-05-03 12:56:22.372000] Server stops


[2015-05-03 12:56:45.121000] Server starts


[2015-05-03 12:56:46.160000] Server stops


[2015-05-03 12:56:46.172000] Server stops


[2015-05-03 12:58:27.272000] Server starts


[2015-05-03 12:58:28.306000] Server stops


[2015-05-03 13:12:42.375000] Server stops


[2015-05-03 13:15:41.934000] Server starts


[2015-05-03 13:15:43.474000] Server stops


[2015-05-03 13:15:46.297000] Server starts


[2015-05-03 13:17:25.827000] Server stops


[2015-05-03 13:17:31.506000] Server starts


[2015-05-03 13:18:21.430000] 127.0.0.1 on port 63514: 'GET /', interpreted as 'GET home.html'


[2015-05-03 13:18:22.035000] 127.0.0.1 on port 63515: 'GET /stylesheet.css', interpreted as 'GET /stylesheet.css'


[2015-05-03 13:18:22.262000] 127.0.0.1 on port 63516: 'GET /doxiegaming.png', interpreted as 'GET /doxiegaming.png'


[2015-05-03 13:18:31.931000] 127.0.0.1 on port 63518: 'GET /dynamic/hw.wsw', interpreted as 'GET /dynamic/hw.wsw'


[2015-05-03 13:18:49.932000] Server stops


[2015-05-03 13:18:52.773000] Server starts


[2015-05-03 13:19:00.383000] 127.0.0.1 on port 63521: 'GET /dynamic/hw.wsw', interpreted as 'GET /dynamic/hw.wsw'


[2015-05-03 13:19:51.384000] Server stops


[2015-05-03 13:20:00.298000] Server starts


[2015-05-03 13:20:02.007000] 127.0.0.1 on port 63526: 'GET /dynamic/hw.wsw', interpreted as 'GET /dynamic/hw.wsw'


[2015-05-03 13:21:38.500000] Server stops


[2015-05-03 13:21:41.052000] Server starts


[2015-05-03 13:21:45.194000] 127.0.0.1 on port 63540: 'GET /dynamic/hw.wsw', interpreted as 'GET /dynamic/hw.wsw'


[2015-05-03 13:22:26.669000] Server stops


[2015-05-03 13:22:34.920000] Server starts


[2015-05-03 13:22:37.523000] 127.0.0.1 on port 63543: 'GET /dynamic/hw.wsw', interpreted as 'GET /dynamic/hw.wsw'


[2015-05-03 13:23:32.391000] Server stops


[2015-05-03 13:23:35.220000] Server starts


[2015-05-03 13:23:36.692000] 127.0.0.1 on port 63576: 'GET /dynamic/hw.wsw', interpreted as 'GET /dynamic/hw.wsw'


[2015-05-03 13:24:02.340000] Server stops


[2015-05-03 13:24:04.370000] Server starts


[2015-05-03 13:24:07.331000] 127.0.0.1 on port 63580: 'GET /dynamic/hw.wsw', interpreted as 'GET /dynamic/hw.wsw'


[2015-05-03 13:26:05.708000] 127.0.0.1 on port 63593: 'GET /dynamic/hw.wsw', interpreted as 'GET /dynamic/hw.wsw'


[2015-05-03 13:26:15.215000] Server stops


[2015-05-03 13:26:17.776000] Server starts


[2015-05-03 13:26:19.246000] 127.0.0.1 on port 63601: 'GET /dynamic/hw.wsw', interpreted as 'GET /dynamic/hw.wsw'


[2015-05-03 14:14:47.119000] Server stops


[2015-05-03 14:16:39.530000] Server starts


[2015-05-03 14:16:40.541000] Server stops


[2015-05-03 14:16:43.522000] Server starts


[2015-05-03 14:17:02.060000] 127.0.0.1 on port 64277: 'GET /dynamic/hw.wsw', interpreted as 'GET /dynamic/hw.wsw'


[2015-05-03 14:18:11.633000] 206.174.2.135 on port 64281: 'GET /', interpreted as 'GET home.html'


[2015-05-03 14:18:11.889000] 206.174.2.135 on port 64282: 'GET /stylesheet.css', interpreted as 'GET /stylesheet.css'


[2015-05-03 14:18:12.105000] 206.174.2.135 on port 64283: 'GET /doxiegaming.png', interpreted as 'GET /doxiegaming.png'


[2015-05-03 14:18:20.392000] 206.174.2.135 on port 64285: 'GET /dynamic/hw.wsw', interpreted as 'GET /dynamic/hw.wsw'


[2015-05-03 14:19:27.926000] Server starts


[2015-05-03 14:19:30.252000] 206.174.2.135 on port 64334: 'GET /dynamic/hw.wsw', interpreted as 'GET /dynamic/hw.wsw'


[2015-05-03 14:20:53.628000] 98.124.83.104 on port 2029: 'GET /dynamic/hw.wsw', interpreted as 'GET /dynamic/hw.wsw'


[2015-05-03 14:20:56.731000] 98.124.83.104 on port 2048: 'GET /favicon.ico', interpreted as 'GET /favicon.ico'


[2015-05-03 14:21:36.069000] 98.124.83.104 on port 2110: 'GET /dynamic/hw.wsw', interpreted as 'GET /dynamic/hw.wsw'


[2015-05-03 14:21:38.132000] 98.124.83.104 on port 2157: 'GET /favicon.ico', interpreted as 'GET /favicon.ico'


[2015-05-03 15:20:36.586000] 206.174.2.135 on port 65245: 'GET /', interpreted as 'GET home.html'


[2015-05-03 15:20:36.950000] 206.174.2.135 on port 65246: 'GET /stylesheet.css', interpreted as 'GET /stylesheet.css'


[2015-05-03 15:20:36.969000] 206.174.2.135 on port 65247: 'GET /doxiegaming.png', interpreted as 'GET /doxiegaming.png'


[2015-05-03 15:21:03.881000] 206.174.2.135 on port 65248: 'GET /dynamic/', interpreted as 'GET /dynamic'


[2015-05-03 15:21:04.208000] 206.174.2.135 on port 65249: 'GET /dynamic/404walrus.jpg', interpreted as 'GET /dynamic/404walrus.jpg'


[2015-05-03 15:23:39.761000] 206.174.2.135 on port 65259: 'GET /dynamic/', interpreted as 'GET /dynamic'


[2015-05-03 15:23:40.146000] 206.174.2.135 on port 65260: 'GET /404walrus.jpg', interpreted as 'GET /404walrus.jpg'


[2015-05-03 15:25:29.073000] 206.174.2.135 on port 65273: 'GET /dynamic/hw.wsw', interpreted as 'GET /dynamic/hw.wsw'


[2015-05-03 15:25:36.909000] 206.174.2.135 on port 65274: 'GET /dynamic/test.tst', interpreted as 'GET /dynamic/test.tst'


[2015-05-03 15:25:37.313000] 206.174.2.135 on port 65275: 'GET /404walrus.jpg', interpreted as 'GET /404walrus.jpg'


[2015-05-03 15:25:54.754000] 206.174.2.135 on port 65277: 'GET /tests/blocked.blk', interpreted as 'GET /tests/blocked.blk'


[2015-05-03 15:40:19.093000] 206.174.2.135 on port 65473: 'GET /tests/blocked.blk', interpreted as 'GET /tests/blocked.blk'


[2015-05-03 15:42:29.638000] Server stops


[2015-05-03 15:42:38.867000] Server starts


[2015-05-03 15:42:41.625000] 206.174.2.135 on port 65521: 'GET /tests/blocked.blk', interpreted as 'GET /tests/blocked.blk'


[2015-05-03 15:42:57.928000] Server starts


[2015-05-03 15:43:05.460000] 206.174.2.135 on port 65523: 'GET /tests/blocked.blk', interpreted as 'GET /tests/blocked.blk'


[2015-05-03 15:43:06.135000] 206.174.2.135 on port 65524: 'GET /403walrus.jpg', interpreted as 'GET /403walrus.jpg'


[2015-05-03 15:47:08.803000] 206.174.2.135 on port 49199: 'GET /tests/', interpreted as 'GET /tests'


[2015-05-03 15:47:09.227000] 206.174.2.135 on port 49200: 'GET /404walrus.jpg', interpreted as 'GET /404walrus.jpg'


[2015-05-03 15:47:55.196000] 206.174.2.135 on port 49202: 'GET /tests/blocked.blk', interpreted as 'GET /tests/blocked.blk'


[2015-05-03 15:47:55.548000] 206.174.2.135 on port 49203: 'GET /403walrus.jpg', interpreted as 'GET /403walrus.jpg'


[2015-05-03 15:48:07.835000] 206.174.2.135 on port 49204: 'GET /tests/blocked.blk', interpreted as 'GET /tests/blocked.blk'


[2015-05-03 15:48:08.145000] 206.174.2.135 on port 49205: 'GET /403walrus.jpg', interpreted as 'GET /403walrus.jpg'


[2015-05-03 15:48:11.176000] 206.174.2.135 on port 49206: 'GET /tests/', interpreted as 'GET /tests'


[2015-05-03 15:48:11.435000] 206.174.2.135 on port 49207: 'GET /404walrus.jpg', interpreted as 'GET /404walrus.jpg'


[2015-05-03 15:48:15.824000] 206.174.2.135 on port 49208: 'GET /', interpreted as 'GET home.html'


[2015-05-03 15:48:16.148000] 206.174.2.135 on port 49210: 'GET /stylesheet.css', interpreted as 'GET /stylesheet.css'


[2015-05-03 15:48:16.219000] 206.174.2.135 on port 49211: 'GET /doxiegaming.png', interpreted as 'GET /doxiegaming.png'


[2015-05-03 15:48:18.080000] 206.174.2.135 on port 49212: 'GET /members/', interpreted as 'GET /members/members.html'


[2015-05-03 15:48:18.238000] 206.174.2.135 on port 49213: 'GET /stylesheet.css', interpreted as 'GET /stylesheet.css'


[2015-05-03 15:48:18.420000] 206.174.2.135 on port 49214: 'GET /doxiegaming.png', interpreted as 'GET /doxiegaming.png'


[2015-05-03 15:48:19.916000] 206.174.2.135 on port 49215: 'GET /channels/', interpreted as 'GET channels/channels.html'


[2015-05-03 15:48:20.117000] 206.174.2.135 on port 49216: 'GET /stylesheet.css', interpreted as 'GET /stylesheet.css'


[2015-05-03 15:48:20.226000] 206.174.2.135 on port 49217: 'GET /doxiegaming.png', interpreted as 'GET /doxiegaming.png'


[2015-05-03 15:48:21.257000] 206.174.2.135 on port 49218: 'GET /blog/', interpreted as 'GET blog/index.html'


[2015-05-03 15:48:21.450000] 206.174.2.135 on port 49219: 'GET /stylesheet.css', interpreted as 'GET /stylesheet.css'


[2015-05-03 15:48:21.549000] 206.174.2.135 on port 49220: 'GET /doxiegaming.png', interpreted as 'GET /doxiegaming.png'


[2015-05-03 15:48:22.400000] 206.174.2.135 on port 49221: 'GET /contact/', interpreted as 'GET contact/contact.html'


[2015-05-03 15:48:22.559000] 206.174.2.135 on port 49222: 'GET /stylesheet.css', interpreted as 'GET /stylesheet.css'


[2015-05-03 15:48:22.644000] 206.174.2.135 on port 49223: 'GET /doxiegaming.png', interpreted as 'GET /doxiegaming.png'


[2015-05-03 16:03:25.975000] Server stops


[2015-05-03 16:03:29.010000] Server starts


[2015-05-03 16:03:34.556000] 206.174.2.135 on port 49401: 'GET /Start-Here/', interpreted as 'GET /Start-Here'


[2015-05-03 16:03:35.163000] 206.174.2.135 on port 49402: 'GET /404walrus.jpg', interpreted as 'GET /404walrus.jpg'


[2015-05-03 16:03:39.339000] 206.174.2.135 on port 49405: 'GET /Start-Here.html', interpreted as 'GET /Start-Here.html'


[2015-05-03 16:03:39.497000] 206.174.2.135 on port 49406: 'GET /docs/stylesheet.css', interpreted as 'GET /docs/stylesheet.css'


[2015-05-03 16:40:34.893000] 206.174.2.135 on port 50933: 'GET /', interpreted as 'GET home.html'


[2015-05-03 16:40:37.168000] 206.174.2.135 on port 50935: 'GET /', interpreted as 'GET home.html'


[2015-05-03 16:40:51.768000] 206.174.2.135 on port 50936: 'GET /404walrus.jpg', interpreted as 'GET /404walrus.jpg'


[2015-05-03 16:40:52.284000] 206.174.2.135 on port 50938: 'GET /404walrus.jpg', interpreted as 'GET /404walrus.jpg'


[2015-05-03 16:40:54.547000] 206.174.2.135 on port 50939: 'GET /Setting-Up.html', interpreted as 'GET /Setting-Up.html'


[2015-05-03 16:40:56.540000] 206.174.2.135 on port 50940: 'GET /404walrus.jpg', interpreted as 'GET /404walrus.jpg'


[2015-05-03 16:41:01.079000] 206.174.2.135 on port 50941: 'GET /Start-Here.html', interpreted as 'GET /Start-Here.html'


[2015-05-03 16:41:01.383000] 206.174.2.135 on port 50942: 'GET /docs/stylesheet.css', interpreted as 'GET /docs/stylesheet.css'


[2015-05-03 16:42:29.590000] 206.174.2.135 on port 50947: 'GET /docs/machine.html', interpreted as 'GET /docs/machine.html'


[2015-05-03 16:42:30] 206.174.2.135 on port 50948: 'GET /docs/stylesheet.css', interpreted as 'GET /docs/stylesheet.css'


[2015-05-03 16:42:32.456000] 206.174.2.135 on port 50949: 'GET /docs/setup.html', interpreted as 'GET /docs/setup.html'


[2015-05-03 16:42:32.876000] 206.174.2.135 on port 50950: 'GET /docs/stylesheet.css', interpreted as 'GET /docs/stylesheet.css'


[2015-05-03 16:42:34.744000] 206.174.2.135 on port 50951: 'GET /docs/config.html', interpreted as 'GET /docs/config.html'


[2015-05-03 16:42:35.087000] 206.174.2.135 on port 50952: 'GET /docs/stylesheet.css', interpreted as 'GET /docs/stylesheet.css'


[2015-05-03 16:42:43.103000] 206.174.2.135 on port 50954: 'GET /docs/config.html', interpreted as 'GET /docs/config.html'


[2015-05-03 16:42:43.486000] 206.174.2.135 on port 50955: 'GET /docs/stylesheet.css', interpreted as 'GET /docs/stylesheet.css'


[2015-05-03 17:35:56.322000] Server stops


[2015-05-04 14:17:14.551000] Server starts


[2015-05-04 14:17:16.073000] Server stops


[2015-05-04 14:17:21.592000] Server starts


[2015-05-04 14:17:25.738000] 127.0.0.1 on port 52715: 'GET /', interpreted as 'GET home.html'


[2015-05-04 14:18:25.364000] Server stops


[2015-05-04 14:18:52.925000] Server starts


[2015-05-04 14:18:53.952000] Server stops


[2015-05-04 14:18:57.327000] Server starts


[2015-05-04 14:19:22.298000] 127.0.0.1 on port 52725: 'GET /', interpreted as 'GET home.html'


[2015-05-04 14:19:28.035000] 127.0.0.1 on port 52726: 'GET /404walrus.jpg', interpreted as 'GET /404walrus.jpg'


[2015-05-04 14:19:59.947000] 127.0.0.1 on port 52729: 'GET /', interpreted as 'GET home.html'


[2015-05-04 14:20:00.194000] 127.0.0.1 on port 52730: 'GET /404walrus.jpg', interpreted as 'GET /404walrus.jpg'


[2015-05-04 14:20:14.442000] Server stops


[2015-05-04 14:20:20.615000] Server starts


[2015-05-04 14:20:22.139000] 127.0.0.1 on port 52732: 'GET /', interpreted as 'GET home.html'


[2015-05-04 14:20:55.637000] Server stops


[2015-05-04 14:20:58.061000] Server starts


[2015-05-04 14:21:00.231000] 127.0.0.1 on port 52737: 'GET /', interpreted as 'GET home.html'


[2015-05-04 14:21:00.635000] 127.0.0.1 on port 52738: 'GET /stylesheet.css', interpreted as 'GET /stylesheet.css'


[2015-05-04 14:21:00.706000] 127.0.0.1 on port 52739: 'GET /doxiegaming.png', interpreted as 'GET /doxiegaming.png'


[2015-05-04 14:23:03.106000] 127.0.0.1 on port 52780: 'GET /dynamic/hw.wsw', interpreted as 'GET /dynamic/hw.wsw'


[2015-05-04 14:23:03.258000] 127.0.0.1 on port 52781: 'GET /403walrus.jpg', interpreted as 'GET /403walrus.jpg'


[2015-05-04 14:23:06.044000] 127.0.0.1 on port 52782: 'GET /dynamic/hw.wsw', interpreted as 'GET /dynamic/hw.wsw'


[2015-05-04 14:23:06.218000] 127.0.0.1 on port 52783: 'GET /403walrus.jpg', interpreted as 'GET /403walrus.jpg'


[2015-05-04 14:27:10.618000] Server stops


[2015-05-04 14:27:15.995000] Server starts


[2015-05-04 14:27:17.341000] 127.0.0.1 on port 52800: 'GET /dynamic/hw.wsw', interpreted as 'GET /dynamic/hw.wsw'


[2015-05-04 14:27:46.340000] Server stops


[2015-05-04 14:27:48.648000] Server starts


[2015-05-04 14:27:50.067000] 127.0.0.1 on port 52803: 'GET /dynamic/hw.wsw', interpreted as 'GET /dynamic/hw.wsw'


[2015-05-04 14:28:56.068000] Server stops


[2015-05-04 14:28:58.433000] Server starts


[2015-05-04 14:28:59.644000] 127.0.0.1 on port 52807: 'GET /dynamic/hw.wsw', interpreted as 'GET /dynamic/hw.wsw'


[2015-05-04 14:30:14.628000] Server stops


[2015-05-04 14:30:19.159000] Server starts


[2015-05-04 14:30:21.315000] 127.0.0.1 on port 52838: 'GET /dynamic/hw.wsw', interpreted as 'GET /dynamic/hw.wsw'


[2015-05-04 14:35:39.279000] Server stops


[2015-05-04 14:35:41.808000] Server starts


[2015-05-04 14:35:45.283000] 127.0.0.1 on port 52901: 'GET /dynamic/hw.wsw', interpreted as 'GET /dynamic/hw.wsw'


[2015-05-04 14:36:03.285000] Server stops


[2015-05-04 14:36:05.668000] Server starts


[2015-05-04 14:36:07.342000] 127.0.0.1 on port 52907: 'GET /dynamic/hw.wsw', interpreted as 'GET /dynamic/hw.wsw'


[2015-05-04 14:38:13.844000] Server stops


[2015-05-04 14:38:16.735000] Server starts


[2015-05-04 14:38:19.161000] 127.0.0.1 on port 52924: 'GET /dynamic/hw.wsw', interpreted as 'GET /dynamic/hw.wsw'


[2015-05-04 14:38:39.254000] 127.0.0.1 on port 52944: 'GET /dynamic/hw.wsw*walrus', interpreted as 'GET /dynamic/hw.wsw*walrus'


[2015-05-04 14:38:39.460000] 127.0.0.1 on port 52945: 'GET /404walrus.jpg', interpreted as 'GET /404walrus.jpg'


[2015-05-04 14:43:41.589000] Server starts


[2015-05-04 14:43:42.610000] Server stops


[2015-05-04 14:45:45.589000] Server starts


[2015-05-04 14:45:45.603000] Server stops


[2015-05-04 14:46:23.359000] Server starts


[2015-05-04 14:46:23.371000] Server stops


[2015-05-04 14:47:09.485000] Server starts


[2015-05-04 14:47:09.550000] Server stops


[2015-05-04 14:48:05.353000] Server starts


[2015-05-04 14:48:05.382000] Server stops


[2015-05-04 14:49:31.917000] Server starts


[2015-05-04 14:49:31.938000] Server stops


[2015-05-04 14:49:47.146000] Server starts


[2015-05-04 14:49:53.496000] 127.0.0.1 on port 53063: 'GET /dynamic/hw.wsw', interpreted as 'GET /dynamic/hw.wsw'


[2015-05-04 14:50:01.169000] Server stops


[2015-05-04 14:55:01.044000] Server stops


[2015-05-04 14:55:05.139000] Server starts


[2015-05-04 14:55:36.934000] 127.0.0.1 on port 53124: 'GET /dynamic/hw.wsw?var=val', interpreted as 'GET /dynamic/hw.wsw?var=val'


[2015-05-04 14:55:37.547000] 127.0.0.1 on port 53125: 'GET /404walrus.jpg', interpreted as 'GET /404walrus.jpg'


[2015-05-04 14:58:26.941000] Server stops


[2015-05-04 14:58:29.911000] Server starts


[2015-05-04 14:58:31.799000] 127.0.0.1 on port 53143: 'GET /dynamic/hw.wsw?var=val', interpreted as 'GET /dynamic/hw.wsw?var=val'


[2015-05-04 14:58:32.361000] 127.0.0.1 on port 53144: 'GET /404walrus.jpg', interpreted as 'GET /404walrus.jpg'


[2015-05-04 14:59:09.329000] 127.0.0.1 on port 53152: 'GET /dynamic/hw.wsw?var=val', interpreted as 'GET /dynamic/hw.wsw?var=val'


[2015-05-04 14:59:09.703000] 127.0.0.1 on port 53153: 'GET /404walrus.jpg', interpreted as 'GET /404walrus.jpg'


[2015-05-04 14:59:18.595000] Server starts


[2015-05-04 14:59:20.017000] 127.0.0.1 on port 53155: 'GET /dynamic/hw.wsw?var=val', interpreted as 'GET /dynamic/hw.wsw?var=val'


[2015-05-04 14:59:20.518000] 127.0.0.1 on port 53156: 'GET /404walrus.jpg', interpreted as 'GET /404walrus.jpg'


[2015-05-04 15:00:18.488000] Server stops


[2015-05-04 15:00:22.980000] Server starts


[2015-05-04 15:00:28.174000] 127.0.0.1 on port 53191: 'GET /dynamic/hw.wsw?var=val', interpreted as 'GET /dynamic/hw.wsw?var=val'


[2015-05-04 15:00:28.722000] 127.0.0.1 on port 53192: 'GET /404walrus.jpg', interpreted as 'GET /404walrus.jpg'


[2015-05-04 15:01:08.672000] Server stops


[2015-05-04 15:01:11.007000] Server starts


[2015-05-04 15:01:11.914000] 127.0.0.1 on port 53217: 'GET /dynamic/hw.wsw?var=val', interpreted as 'GET /dynamic/hw.wsw?var=val'


[2015-05-04 15:01:12.488000] 127.0.0.1 on port 53218: 'GET /404walrus.jpg', interpreted as 'GET /404walrus.jpg'


[2015-05-04 15:01:57.913000] Server stops


[2015-05-04 15:02:19.807000] Server starts


[2015-05-04 15:02:22.109000] 127.0.0.1 on port 53225: 'GET /dynamic/hw.wsw?var=val', interpreted as 'GET /dynamic/hw.wsw?var=val'


[2015-05-04 15:02:22.663000] 127.0.0.1 on port 53226: 'GET /404walrus.jpg', interpreted as 'GET /404walrus.jpg'


[2015-05-04 15:04:24.652000] 127.0.0.1 on port 53253: 'GET /dynamic/hw.wsw?var=val', interpreted as 'GET /dynamic/hw.wsw?var=val'


[2015-05-04 15:04:24.840000] 127.0.0.1 on port 53254: 'GET /404walrus.jpg', interpreted as 'GET /404walrus.jpg'


[2015-05-04 15:06:25.066000] Server starts


[2015-05-04 15:06:26.816000] 127.0.0.1 on port 53267: 'GET /dynamic/hw.wsw?var=val', interpreted as 'GET /dynamic/hw.wsw?var=val'


[2015-05-04 15:06:27.386000] 127.0.0.1 on port 53268: 'GET /404walrus.jpg', interpreted as 'GET /404walrus.jpg'


[2015-05-04 15:08:24.128000] Server starts


[2015-05-04 15:08:25.991000] 127.0.0.1 on port 53287: 'GET /dynamic/hw.wsw?var=val', interpreted as 'GET /dynamic/hw.wsw?var=val'


[2015-05-04 15:08:26.558000] 127.0.0.1 on port 53288: 'GET /404walrus.jpg', interpreted as 'GET /404walrus.jpg'


[2015-05-04 15:08:57.674000] Server starts


[2015-05-04 15:09:02.409000] 127.0.0.1 on port 53292: 'GET /dynamic/hw.wsw?var=val', interpreted as 'GET /dynamic/hw.wsw?var=val'


[2015-05-04 15:09:02.942000] 127.0.0.1 on port 53293: 'GET /404walrus.jpg', interpreted as 'GET /404walrus.jpg'


[2015-05-04 15:09:22.410000] Server stops


[2015-05-04 15:09:24.950000] Server starts


[2015-05-04 15:09:26.286000] 127.0.0.1 on port 53295: 'GET /dynamic/hw.wsw?var=val', interpreted as 'GET /dynamic/hw.wsw?var=val'


[2015-05-04 15:09:26.826000] 127.0.0.1 on port 53296: 'GET /404walrus.jpg', interpreted as 'GET /404walrus.jpg'


[2015-05-04 15:09:40.784000] Server stops


[2015-05-04 15:09:43.338000] Server starts


[2015-05-04 15:09:44.819000] 127.0.0.1 on port 53298: 'GET /dynamic/hw.wsw?var=val', interpreted as 'GET /dynamic/hw.wsw?var=val'


[2015-05-04 15:09:45.434000] 127.0.0.1 on port 53299: 'GET /404walrus.jpg', interpreted as 'GET /404walrus.jpg'


[2015-05-04 15:11:20.821000] Server stops


[2015-05-04 15:11:23.140000] Server starts


[2015-05-04 15:11:24.682000] 127.0.0.1 on port 53306: 'GET /dynamic/hw.wsw?var=val', interpreted as 'GET /dynamic/hw.wsw?var=val'


[2015-05-04 15:11:25.288000] 127.0.0.1 on port 53307: 'GET /404walrus.jpg', interpreted as 'GET /404walrus.jpg'


[2015-05-04 15:12:07.178000] Server starts


[2015-05-04 15:12:09.037000] 127.0.0.1 on port 53311: 'GET /dynamic/hw.wsw?var=val', interpreted as 'GET /dynamic/hw.wsw?var=val'


[2015-05-04 15:12:09.608000] 127.0.0.1 on port 53312: 'GET /404walrus.jpg', interpreted as 'GET /404walrus.jpg'


[2015-05-04 15:12:51.158000] Server starts


[2015-05-04 15:12:52.251000] 127.0.0.1 on port 53317: 'GET /dynamic/hw.wsw', interpreted as 'GET /dynamic/hw.wsw'


[2015-05-04 15:13:30.172000] Server stops


[2015-05-04 15:13:32.750000] Server starts


[2015-05-04 15:13:35.154000] 127.0.0.1 on port 53320: 'GET /dynamic/hw.wsw', interpreted as 'GET /dynamic/hw.wsw'


[2015-05-04 15:15:40.669000] Server stops


[2015-05-04 15:15:42.895000] Server starts


[2015-05-04 15:15:46.095000] 127.0.0.1 on port 53375: 'GET /dynamic/hw.wsw', interpreted as 'GET /dynamic/hw.wsw'


[2015-05-04 15:17:11.833000] 127.0.0.1 on port 53393: 'GET /dynamic/hw.wsw', interpreted as 'GET /dynamic/hw.wsw'


[2015-05-04 15:18:03.923000] 127.0.0.1 on port 53414: 'GET /dynamic/hw.wsw', interpreted as 'GET /dynamic/hw.wsw'


[2015-05-04 15:22:10.319000] 127.0.0.1 on port 53435: 'GET /dynamic/hb.wsw', interpreted as 'GET /dynamic/hb.wsw'


[2015-05-04 15:22:54.045000] 127.0.0.1 on port 53438: 'GET /dynamic/hb.wsw', interpreted as 'GET /dynamic/hb.wsw'


[2015-05-04 15:23:13.813000] 127.0.0.1 on port 53440: 'GET /dynamic/hb.wsw', interpreted as 'GET /dynamic/hb.wsw'


[2015-05-04 15:23:24.818000] Server stops


[2015-05-04 15:25:40.220000] Server starts


[2015-05-04 15:25:44.319000] 127.0.0.1 on port 53454: 'GET /dynamic/hb.wsw', interpreted as 'GET /dynamic/hb.wsw'


[2015-05-04 15:26:21.802000] Server stops


[2015-05-04 15:26:25.059000] Server starts


[2015-05-04 15:26:26.932000] 127.0.0.1 on port 53457: 'GET /dynamic/hb.wsw', interpreted as 'GET /dynamic/hb.wsw'


[2015-05-04 15:26:57.926000] Server stops


[2015-05-04 15:27:01.246000] Server starts


[2015-05-04 15:27:03.303000] 127.0.0.1 on port 53460: 'GET /dynamic/hb.wsw', interpreted as 'GET /dynamic/hb.wsw'


[2015-05-04 15:27:43.304000] Server stops


[2015-05-04 15:27:45.637000] Server starts


[2015-05-04 15:27:47.004000] 127.0.0.1 on port 53462: 'GET /dynamic/hb.wsw', interpreted as 'GET /dynamic/hb.wsw'


[2015-05-04 15:30:06.008000] Server stops


[2015-05-04 15:30:09.520000] Server starts


[2015-05-04 15:30:11.136000] 127.0.0.1 on port 53483: 'GET /dynamic/hb.wsw', interpreted as 'GET /dynamic/hb.wsw'


[2015-05-04 15:31:48.138000] Server stops


[2015-05-04 15:31:50.932000] Server starts


[2015-05-04 15:31:52.262000] 127.0.0.1 on port 53493: 'GET /dynamic/hb.wsw', interpreted as 'GET /dynamic/hb.wsw'


[2015-05-04 15:33:01.930000] Server stops


[2015-05-04 15:33:04.099000] Server starts


[2015-05-04 15:33:06.594000] 127.0.0.1 on port 53502: 'GET /dynamic/hb.wsw', interpreted as 'GET /dynamic/hb.wsw'


[2015-05-04 15:33:40.588000] Server stops


[2015-05-04 15:33:43.409000] Server starts


[2015-05-04 15:33:45.874000] 127.0.0.1 on port 53506: 'GET /dynamic/hb.wsw', interpreted as 'GET /dynamic/hb.wsw'


[2015-05-04 15:35:00.873000] Server stops


[2015-05-04 15:35:03.614000] Server starts


[2015-05-04 15:35:05.632000] 127.0.0.1 on port 53519: 'GET /dynamic/hb.wsw', interpreted as 'GET /dynamic/hb.wsw'


[2015-05-04 15:35:42.127000] Server stops


[2015-05-04 15:36:02.571000] Server starts


[2015-05-04 15:36:04.118000] 127.0.0.1 on port 53522: 'GET /dynamic/hb.wsw', interpreted as 'GET /dynamic/hb.wsw'


[2015-05-04 15:55:26.296000] Server starts


[2015-05-04 15:55:29.137000] 127.0.0.1 on port 53607: 'GET /dynamic/hb.wsw', interpreted as 'GET /dynamic/hb.wsw'


[2015-05-04 15:56:29.149000] Server starts


[2015-05-04 15:56:31.488000] 127.0.0.1 on port 53634: 'GET /dynamic/hb.wsw', interpreted as 'GET /dynamic/hb.wsw'


[2015-05-04 15:57:09.903000] 206.174.2.135 on port 53645: 'GET /', interpreted as 'GET home.html'


[2015-05-04 15:57:10.121000] 206.174.2.135 on port 53646: 'GET /stylesheet.css', interpreted as 'GET /stylesheet.css'


[2015-05-04 15:57:10.166000] 206.174.2.135 on port 53647: 'GET /doxiegaming.png', interpreted as 'GET /doxiegaming.png'


[2015-05-04 15:57:10.484000] 206.174.2.135 on port 53648: 'GET /favicon.ico', interpreted as 'GET /favicon.ico'


[2015-05-04 15:57:10.536000] 206.174.2.135 on port 53649: 'GET /favicon.ico', interpreted as 'GET /favicon.ico'


[2015-05-04 15:57:21.812000] 206.174.2.135 on port 53651: 'GET /dynamic/hb', interpreted as 'GET /dynamic/hb'


[2015-05-04 15:57:22.071000] 206.174.2.135 on port 53653: 'GET /404walrus.jpg', interpreted as 'GET /404walrus.jpg'


[2015-05-04 15:57:27.228000] Server stops


[2015-05-04 15:57:43.048000] Server starts


[2015-05-04 15:57:45.918000] 206.174.2.135 on port 53654: 'GET /dynamic/hb', interpreted as 'GET /dynamic/hb'


[2015-05-04 15:57:46.472000] 206.174.2.135 on port 53655: 'GET /404walrus.jpg', interpreted as 'GET /404walrus.jpg'


[2015-05-04 15:57:53.432000] 206.174.2.135 on port 53656: 'GET /dynamic/hb.wsw', interpreted as 'GET /dynamic/hb.wsw'


[2015-05-04 16:01:07.924000] 104.34.39.72 on port 57681: 'GET /dynamic/hb.wsw', interpreted as 'GET /dynamic/hb.wsw'


[2015-05-04 16:01:08.244000] 104.34.39.72 on port 57682: 'GET /favicon.ico', interpreted as 'GET /favicon.ico'


[2015-05-04 16:05:43.832000] Server stops


[2015-05-04 16:05:47.059000] Server starts


[2015-05-04 16:05:49.677000] 206.174.2.135 on port 53752: 'GET /dynamic/hb.wsw', interpreted as 'GET /dynamic/hb.wsw'


[2015-05-04 16:05:51.505000] 206.174.2.135 on port 53753: 'GET /dynamic/hb.wsw', interpreted as 'GET /dynamic/hb.wsw'


[2015-05-04 16:19:31.213000] Server stops


[2015-05-04 16:19:49.064000] Server starts


[2015-05-04 16:19:52.450000] 206.174.2.135 on port 54124: 'GET /dynamic/hb.wsw', interpreted as 'GET /dynamic/hb.wsw'


[2015-05-04 16:20:12.315000] Server stops


[2015-05-04 16:20:16.302000] Server starts


[2015-05-04 16:20:19.543000] 206.174.2.135 on port 54127: 'GET /dynamic/hb.wsw', interpreted as 'GET /dynamic/hb.wsw'


[2015-05-04 16:22:44.808000] 206.174.2.135 on port 54193: 'GET /dynamic/hb.wsw', interpreted as 'GET /dynamic/hb.wsw'


[2015-05-04 17:12:29.734000] 206.174.2.135 on port 54652: 'GET /dynamic/hb.wsw', interpreted as 'GET /dynamic/hb.wsw'


[2015-05-04 17:12:31.066000] 206.174.2.135 on port 54653: 'GET /dynamic/hb.wsw', interpreted as 'GET /dynamic/hb.wsw'


[2015-05-04 17:21:49.682000] 206.174.2.135 on port 54723: 'GET /dynamic/hb.wsw', interpreted as 'GET /dynamic/hb.wsw'


[2015-05-04 18:36:10.035000] 127.0.0.1 on port 54993: 'GET /', interpreted as 'GET home.html'


[2015-05-04 18:36:10.257000] 127.0.0.1 on port 54994: 'GET /stylesheet.css', interpreted as 'GET /stylesheet.css'


[2015-05-04 18:36:10.283000] 127.0.0.1 on port 54995: 'GET /doxiegaming.png', interpreted as 'GET /doxiegaming.png'


[2015-05-04 18:36:21.320000] 127.0.0.1 on port 54997: 'GET /dynamic/hb.wsw', interpreted as 'GET /dynamic/hb.wsw'


[2015-05-04 18:38:13.301000] 127.0.0.1 on port 55023: 'GET /dynamic/hb.wsw', interpreted as 'GET /dynamic/hb.wsw'


[2015-05-04 18:38:16.035000] 127.0.0.1 on port 55024: 'GET /dynamic/hb.wsw', interpreted as 'GET /dynamic/hb.wsw'


[2015-05-04 18:42:22.368000] 127.0.0.1 on port 55065: 'GET /dynamic/', interpreted as 'GET /dynamic'


[2015-05-04 18:42:22.605000] 127.0.0.1 on port 55066: 'GET /404walrus.jpg', interpreted as 'GET /404walrus.jpg'


[2015-05-04 18:44:03.514000] 127.0.0.1 on port 55086: 'GET /dynamic/', interpreted as 'GET /dynamic'


[2015-05-04 18:44:03.801000] 127.0.0.1 on port 55087: 'GET /404walrus.jpg', interpreted as 'GET /404walrus.jpg'


[2015-05-04 19:07:14.617000] 127.0.0.1 on port 55234: 'GET /dynamic/hb.wsw', interpreted as 'GET /dynamic/hb.wsw'


[2015-05-05 12:10:46.986000] 127.0.0.1 on port 54845: 'GET /dynamic/hb.wsw', interpreted as 'GET /dynamic/hb.wsw'


[2015-05-05 12:11:23.982000] 127.0.0.1 on port 54850: 'GET /dynamic/hb.wsw', interpreted as 'GET /dynamic/hb.wsw'


[2015-05-05 12:11:38.356000] 127.0.0.1 on port 54853: 'GET /dynamic/hb.wsw', interpreted as 'GET /dynamic/hb.wsw'


[2015-05-05 12:11:43.103000] 127.0.0.1 on port 54854: 'GET /dynamic/hb.wsw', interpreted as 'GET /dynamic/hb.wsw'


[2015-05-05 12:19:02.491000] 127.0.0.1 on port 54909: 'GET /dynamic/', interpreted as 'GET /dynamic'


[2015-05-05 12:19:02.678000] 127.0.0.1 on port 54910: 'GET /404walrus.jpg', interpreted as 'GET /404walrus.jpg'


[2015-05-05 12:48:37.739000] 127.0.0.1 on port 55009: 'GET /', interpreted as 'GET home.html'


[2015-05-05 12:48:37.846000] 127.0.0.1 on port 55010: 'GET /stylesheet.css', interpreted as 'GET /stylesheet.css'


[2015-05-05 12:48:37.867000] 127.0.0.1 on port 55011: 'GET /doxiegaming.png', interpreted as 'GET /doxiegaming.png'


[2015-05-05 12:48:45.499000] 127.0.0.1 on port 55013: 'GET /404walrus.jpg', interpreted as 'GET /404walrus.jpg'


[2015-05-05 12:48:46.012000] 127.0.0.1 on port 55014: 'GET /404walrus.jpg', interpreted as 'GET /404walrus.jpg'


[2015-05-05 14:05:46.157000] 127.0.0.1 on port 55969: 'GET /', interpreted as 'GET home.html'


[2015-05-05 14:05:46.304000] 127.0.0.1 on port 55970: 'GET /stylesheet.css', interpreted as 'GET /stylesheet.css'


[2015-05-05 14:05:46.385000] 127.0.0.1 on port 55971: 'GET /doxiegaming.png', interpreted as 'GET /doxiegaming.png'


[2015-05-05 14:05:50.120000] 127.0.0.1 on port 55972: 'GET /oogaboogabooga', interpreted as 'GET /oogaboogabooga'


[2015-05-05 14:05:50.365000] 127.0.0.1 on port 55973: 'GET /404walrus.jpg', interpreted as 'GET /404walrus.jpg'


[2015-05-05 14:06:36.160000] 127.0.0.1 on port 55976: 'GET /oogaboogabooga', interpreted as 'GET /oogaboogabooga'


[2015-05-05 14:06:36.477000] 127.0.0.1 on port 55977: 'GET /404walrus.jpg', interpreted as 'GET /404walrus.jpg'


[2015-05-05 14:06:37.961000] 127.0.0.1 on port 55978: 'GET /oogaboogabooga', interpreted as 'GET /oogaboogabooga'


[2015-05-05 14:06:38.196000] 127.0.0.1 on port 55979: 'GET /404walrus.jpg', interpreted as 'GET /404walrus.jpg'


[2015-05-05 14:06:51.309000] 127.0.0.1 on port 55982: 'GET /oogaboogabooga', interpreted as 'GET /oogaboogabooga'


[2015-05-05 14:06:51.582000] 127.0.0.1 on port 55983: 'GET /404walrus.jpg', interpreted as 'GET /404walrus.jpg'


[2015-05-05 14:09:48.441000] 127.0.0.1 on port 55997: 'GET /oogaboogabooga', interpreted as 'GET /oogaboogabooga'


[2015-05-05 14:09:48.636000] 127.0.0.1 on port 55998: 'GET /404script.js', interpreted as 'GET /404script.js'


[2015-05-05 14:09:49.125000] 127.0.0.1 on port 56001: 'GET /404walrus.jpg', interpreted as 'GET /404walrus.jpg'


[2015-05-05 14:11:57.268000] 127.0.0.1 on port 56047: 'GET /oogaboogabooga', interpreted as 'GET /oogaboogabooga'


[2015-05-05 14:11:57.975000] 127.0.0.1 on port 56048: 'GET /404walrus.jpg', interpreted as 'GET /404walrus.jpg'


[2015-05-05 14:12:31.679000] 127.0.0.1 on port 56054: 'GET /oogaboogabooga', interpreted as 'GET /oogaboogabooga'


[2015-05-05 14:12:32.096000] 127.0.0.1 on port 56055: 'GET /404walrus.jpg', interpreted as 'GET /404walrus.jpg'


[2015-05-05 14:21:03.112000] 127.0.0.1 on port 56197: 'GET /oogaboogabooga', interpreted as 'GET /oogaboogabooga'


[2015-05-05 14:21:03.322000] 127.0.0.1 on port 56198: 'GET /errorscript.js', interpreted as 'GET /errorscript.js'


[2015-05-05 14:21:03.706000] 127.0.0.1 on port 56200: 'GET /404walrus.jpg', interpreted as 'GET /404walrus.jpg'


[2015-05-05 14:22:58.680000] 127.0.0.1 on port 56209: 'GET /oogaboogabooga', interpreted as 'GET /oogaboogabooga'


[2015-05-05 14:22:58.893000] 127.0.0.1 on port 56210: 'GET /errorscript.js', interpreted as 'GET /errorscript.js'


[2015-05-05 14:22:59.098000] 127.0.0.1 on port 56212: 'GET /404walrus.jpg', interpreted as 'GET /404walrus.jpg'


[2015-05-05 14:23:14.730000] 127.0.0.1 on port 56214: 'GET /oogaboogabooga', interpreted as 'GET /oogaboogabooga'


[2015-05-05 14:23:14.982000] 127.0.0.1 on port 56215: 'GET /errorscript.js', interpreted as 'GET /errorscript.js'


[2015-05-05 14:23:15.240000] 127.0.0.1 on port 56216: 'GET /404walrus.jpg', interpreted as 'GET /404walrus.jpg'


[2015-05-05 14:23:58.630000] 127.0.0.1 on port 56230: 'GET /oogaboogabooga', interpreted as 'GET /oogaboogabooga'


[2015-05-05 14:23:58.801000] 127.0.0.1 on port 56231: 'GET /errorscript.js', interpreted as 'GET /errorscript.js'


[2015-05-05 14:23:59.007000] 127.0.0.1 on port 56232: 'GET /404walrus.jpg', interpreted as 'GET /404walrus.jpg'


[2015-05-05 14:24:06.795000] 127.0.0.1 on port 56234: 'GET /oogaboogabooga', interpreted as 'GET /oogaboogabooga'


[2015-05-05 14:24:07.010000] 127.0.0.1 on port 56235: 'GET /errorscript.js', interpreted as 'GET /errorscript.js'


[2015-05-05 14:24:07.239000] 127.0.0.1 on port 56236: 'GET /404walrus.jpg', interpreted as 'GET /404walrus.jpg'


[2015-05-05 14:29:38.389000] 127.0.0.1 on port 56341: 'GET /dynamic/hb.wsw', interpreted as 'GET /dynamic/hb.wsw'


[2015-05-05 17:30:59.843000] Server stops


[2015-05-05 17:31:04.972000] Server starts


[2015-05-05 18:20:06.008000] Server starts


[2015-05-05 19:15:37.096000] 127.0.0.1 on port 49688: 'GET /Start-here', interpreted as 'GET /Start-here'


[2015-05-05 19:15:44.099000] 127.0.0.1 on port 49694: 'GET /errorscript.js', interpreted as 'GET /errorscript.js'


[2015-05-05 19:15:44.141000] 127.0.0.1 on port 49695: 'GET /404walrus.jpg', interpreted as 'GET /404walrus.jpg'


[2015-05-05 19:15:44.158000] 127.0.0.1 on port 49696: 'GET /Start-Here', interpreted as 'GET /Start-Here'


[2015-05-05 19:15:44.581000] 127.0.0.1 on port 49697: 'GET /errorscript.js', interpreted as 'GET /errorscript.js'


[2015-05-05 19:15:44.595000] 127.0.0.1 on port 49698: 'GET /404walrus.jpg', interpreted as 'GET /404walrus.jpg'


[2015-05-05 19:15:50.102000] 127.0.0.1 on port 49700: 'GET /', interpreted as 'GET home.html'


[2015-05-05 19:15:50.239000] 127.0.0.1 on port 49701: 'GET /stylesheet.css', interpreted as 'GET /stylesheet.css'


[2015-05-05 19:15:50.353000] 127.0.0.1 on port 49702: 'GET /doxiegaming.png', interpreted as 'GET /doxiegaming.png'


[2015-05-05 19:15:57.264000] Server stops


[2015-05-05 19:16:00.411000] Server starts


[2015-05-05 19:16:08.710000] 127.0.0.1 on port 49705: 'GET /Start-Here', interpreted as 'GET /Start-Here'


[2015-05-05 19:16:09.578000] 127.0.0.1 on port 49706: 'GET /errorscript.js', interpreted as 'GET /errorscript.js'


[2015-05-05 19:16:09.845000] 127.0.0.1 on port 49707: 'GET /404walrus.jpg', interpreted as 'GET /404walrus.jpg'


[2015-05-05 19:16:21.265000] 127.0.0.1 on port 49713: 'GET /Start-Here.html', interpreted as 'GET /Start-Here.html'


[2015-05-05 19:16:21.510000] 127.0.0.1 on port 49714: 'GET /docs/stylesheet.css', interpreted as 'GET /docs/stylesheet.css'


[2015-05-05 19:16:23.625000] 127.0.0.1 on port 49715: 'GET /docs/machine.html', interpreted as 'GET /docs/machine.html'


[2015-05-05 19:16:23.855000] 127.0.0.1 on port 49717: 'GET /docs/stylesheet.css', interpreted as 'GET /docs/stylesheet.css'


[2015-05-05 19:16:25.547000] 127.0.0.1 on port 49718: 'GET /docs/setup.html', interpreted as 'GET /docs/setup.html'


[2015-05-05 19:16:25.775000] 127.0.0.1 on port 49719: 'GET /docs/stylesheet.css', interpreted as 'GET /docs/stylesheet.css'


[2015-05-05 19:16:27.916000] 127.0.0.1 on port 49720: 'GET /docs/config.html', interpreted as 'GET /docs/config.html'


[2015-05-05 19:16:28.178000] 127.0.0.1 on port 49721: 'GET /docs/stylesheet.css', interpreted as 'GET /docs/stylesheet.css'


[2015-05-05 19:16:28.198000] 127.0.0.1 on port 49722: 'GET /docs/script.js', interpreted as 'GET /docs/script.js'


[2015-05-05 19:17:35.439000] 127.0.0.1 on port 49727: 'GET /docs/config.html', interpreted as 'GET /docs/config.html'


[2015-05-05 19:17:35.772000] 127.0.0.1 on port 49728: 'GET /docs/stylesheet.css', interpreted as 'GET /docs/stylesheet.css'


[2015-05-05 19:17:35.780000] 127.0.0.1 on port 49729: 'GET /docs/script.js', interpreted as 'GET /docs/script.js'


[2015-05-05 19:17:37.382000] 127.0.0.1 on port 49731: 'GET /docs/config.html', interpreted as 'GET /docs/config.html'


[2015-05-05 19:17:37.735000] 127.0.0.1 on port 49732: 'GET /docs/stylesheet.css', interpreted as 'GET /docs/stylesheet.css'


[2015-05-05 19:17:37.757000] 127.0.0.1 on port 49733: 'GET /docs/script.js', interpreted as 'GET /docs/script.js'


[2015-05-05 19:18:16.293000] 127.0.0.1 on port 49735: 'GET /docs/config.html', interpreted as 'GET /docs/config.html'


[2015-05-05 19:18:16.570000] 127.0.0.1 on port 49736: 'GET /docs/stylesheet.css', interpreted as 'GET /docs/stylesheet.css'


[2015-05-05 19:18:16.590000] 127.0.0.1 on port 49737: 'GET /docs/script.js', interpreted as 'GET /docs/script.js'


[2015-05-05 19:19:04.802000] 127.0.0.1 on port 49778: 'GET /docs/config.html', interpreted as 'GET /docs/config.html'


[2015-05-05 19:19:05.142000] 127.0.0.1 on port 49779: 'GET /docs/stylesheet.css', interpreted as 'GET /docs/stylesheet.css'


[2015-05-05 19:19:05.172000] 127.0.0.1 on port 49780: 'GET /docs/script.js', interpreted as 'GET /docs/script.js'


[2015-05-05 19:22:07.878000] 127.0.0.1 on port 49824: 'GET /docs/test.html', interpreted as 'GET /docs/test.html'


[2015-05-05 19:22:08.014000] 127.0.0.1 on port 49825: 'GET /docs/stylesheet.css', interpreted as 'GET /docs/stylesheet.css'


[2015-05-05 19:22:08.044000] 127.0.0.1 on port 49826: 'GET /docs/script.js', interpreted as 'GET /docs/script.js'


[2015-05-05 19:23:06.204000] 127.0.0.1 on port 49833: 'GET /docs/test.html', interpreted as 'GET /docs/test.html'


[2015-05-05 19:23:06.355000] 127.0.0.1 on port 49834: 'GET /docs/stylesheet.css', interpreted as 'GET /docs/stylesheet.css'


[2015-05-05 19:23:06.365000] 127.0.0.1 on port 49835: 'GET /docs/script.js', interpreted as 'GET /docs/script.js'


[2015-05-05 19:32:05.328000] 127.0.0.1 on port 49960: 'GET /oogaboogabooga', interpreted as 'GET /oogaboogabooga'


[2015-05-05 19:32:05.483000] 127.0.0.1 on port 49961: 'GET /errorscript.js', interpreted as 'GET /errorscript.js'


[2015-05-05 19:32:05.496000] 127.0.0.1 on port 49962: 'GET /404walrus.jpg', interpreted as 'GET /404walrus.jpg'


[2015-05-05 19:32:06.463000] 127.0.0.1 on port 49964: 'GET /dynamic/hb.wsw', interpreted as 'GET /dynamic/hb.wsw'


[2015-05-05 19:32:57.689000] 127.0.0.1 on port 49992: 'GET /docs/test.html', interpreted as 'GET /docs/test.html'


[2015-05-05 19:32:57.840000] 127.0.0.1 on port 49993: 'GET /docs/script.js', interpreted as 'GET /docs/script.js'


[2015-05-05 19:49:03.107000] Server stops


[2015-05-05 19:49:25.590000] Server starts


[2015-05-05 19:49:42.761000] 127.0.0.1 on port 50049: 'GET /dynamic/hb.wsw', interpreted as 'GET /dynamic/hb.wsw'


[2015-05-05 19:53:20.272000] Server stops


[2015-05-05 19:53:24.440000] Server starts


[2015-05-05 19:53:26.453000] 127.0.0.1 on port 50057: 'GET /dynamic/hb.wsw', interpreted as 'GET /dynamic/hb.wsw'


[2015-05-05 19:53:50.450000] Server stops


[2015-05-05 19:53:54.205000] Server starts


[2015-05-05 19:53:56.027000] 127.0.0.1 on port 50060: 'GET /dynamic/hb.wsw', interpreted as 'GET /dynamic/hb.wsw'


[2015-05-05 19:54:24.114000] 127.0.0.1 on port 50068: 'GET /dynamic/hb.wsw', interpreted as 'GET /dynamic/hb.wsw'


[2015-05-05 19:55:53.557000] 127.0.0.1 on port 50104: 'GET /dynamic/hb.wsw', interpreted as 'GET /dynamic/hb.wsw'


[2015-05-05 19:56:05.815000] 127.0.0.1 on port 50108: 'GET /dynamic/hb.wsw', interpreted as 'GET /dynamic/hb.wsw'


[2015-05-05 19:56:18.173000] 127.0.0.1 on port 50110: 'GET /dynamic/hb.wsw', interpreted as 'GET /dynamic/hb.wsw'


[2015-05-05 19:56:36.677000] 127.0.0.1 on port 50112: 'GET /dynamic/hb.wsw', interpreted as 'GET /dynamic/hb.wsw'


[2015-05-05 19:56:58.689000] 127.0.0.1 on port 50121: 'GET /dynamic/hb.wsw', interpreted as 'GET /dynamic/hb.wsw'


[2015-05-05 19:59:17.939000] 127.0.0.1 on port 50133: 'GET /dynamic/hb.wsw', interpreted as 'GET /dynamic/hb.wsw'


[2015-05-05 19:59:24.003000] 127.0.0.1 on port 50135: 'GET /dynamic/hb.wsw', interpreted as 'GET /dynamic/hb.wsw'


[2015-05-05 19:59:30.591000] 127.0.0.1 on port 50137: 'GET /dynamic/hb.wsw', interpreted as 'GET /dynamic/hb.wsw'


